<?xml version="1.0" encoding="UTF-8"?>
<!-- Generated by org.testng.reporters.JUnitReportReporter -->
<testsuite hostname="Anish" failures="0" tests="3" name="cucumberOptions.TestNGRunner" time="0.081" errors="0" timestamp="2025-10-05T09:11:40 IST" skipped="0">
  <testcase classname="cucumberOptions.TestNGRunner" name="runScenario" time="0.073"/>
  <testcase classname="cucumberOptions.TestNGRunner" name="runScenario" time="0.003"/>
  <testcase classname="cucumberOptions.TestNGRunner" name="runScenario" time="0.005"/>
</testsuite> <!-- cucumberOptions.TestNGRunner -->
