<?xml version="1.0" encoding="UTF-8"?>
<!-- Generated by org.testng.reporters.JUnitReportReporter -->
<testsuite hostname="Anish" failures="0" tests="4" name="cucumberOptions.TestNGRunner" time="0.088" errors="0" timestamp="2025-10-05T09:42:59 IST" skipped="0">
  <testcase classname="cucumberOptions.TestNGRunner" name="runScenario" time="0.061"/>
  <testcase classname="cucumberOptions.TestNGRunner" name="runScenario" time="0.017"/>
  <testcase classname="cucumberOptions.TestNGRunner" name="runScenario" time="0.005"/>
  <testcase classname="cucumberOptions.TestNGRunner" name="runScenario" time="0.005"/>
</testsuite> <!-- cucumberOptions.TestNGRunner -->
